<?xml version="1.0" encoding="UTF-8"?>
<testsuite xmlns:xsi="http://www.w3.org/2001/XMLSchema-instance" xsi:noNamespaceSchemaLocation="https://maven.apache.org/surefire/maven-surefire-plugin/xsd/surefire-test-report-3.0.xsd" version="3.0" name="integracao.AlunoTest" time="0.062" tests="5" errors="0" skipped="0" failures="0">
  <properties>
[...]
</properties>
  <testcase name="testAprovacao_AprovacaoNota" classname="integracao.AlunoTest" time="0"/>
  <testcase name="testCalcularAprovacao_ReprovacaoFinal" classname="integracao.AlunoTest" time="0"/>
  <testcase name="testAprovacao_AprovacaoFinal" classname="integracao.AlunoTest" time="0"/>
  <testcase name="testCalcularAprovacao_ReprovacaoFrequencia" classname="integracao.AlunoTest" time="0"/>
  <testcase name="testCalcularAprovacao_ReprovacaoNota" classname="integracao.AlunoTest" time="0"/>
</testsuite>